[2022-03-28 14:03:21] Текст ошибки: Страница не найдена| Файл: C:\Open\OpenServer\domains\php.com\public\index.php | Строка: 8 \-----------------
[2022-03-28 14:03:22] Текст ошибки: Страница не найдена| Файл: C:\Open\OpenServer\domains\php.com\public\index.php | Строка: 8 \-----------------
[2022-03-28 14:03:23] Текст ошибки: Страница не найдена| Файл: C:\Open\OpenServer\domains\php.com\public\index.php | Строка: 8 \-----------------
[2022-03-28 14:04:12] Текст ошибки: Страница не найдена | Файл: C:\Open\OpenServer\domains\php.com\public\index.php | Строка: 8
=================
[2022-03-28 14:05:29] Текст ошибки: Страница не найдена| Файл: C:\Open\OpenServer\domains\php.com\public\index.php | Строка: 8 \-----------------
[2022-03-28 14:06:27] Текст ошибки: Страница не найдена| Файл: C:\Open\OpenServer\domains\php.com\public\index.php | Строка: 8 \-----------------
[2022-03-28 14:06:54] Текст ошибки: Страница не найдена| Файл: C:\Open\OpenServer\domains\php.com\public\index.php | Строка: 8 \-----------------
[2022-03-28 14:07:56] Текст ошибки: Страница не найдена| Файл: C:\Open\OpenServer\domains\php.com\public\index.php | Строка: 8 \-----------------
[2022-03-28 14:08:39] Текст ошибки: Страница не найдена| Файл: C:\Open\OpenServer\domains\php.com\public\index.php | Строка: 8 \-----------------
[2022-03-28 14:08:39] Текст ошибки: Страница не найдена| Файл: C:\Open\OpenServer\domains\php.com\public\index.php | Строка: 8 \-----------------
[2022-03-28 14:09:41] Текст ошибки: Страница не найдена| Файл: C:\Open\OpenServer\domains\php.com\public\index.php | Строка: 8 \-----------------
[2022-03-28 14:09:42] Текст ошибки: Страница не найдена| Файл: C:\Open\OpenServer\domains\php.com\public\index.php | Строка: 8 \-----------------
[2022-03-28 14:10:01] Текст ошибки: Страница не найдена| Файл: C:\Open\OpenServer\domains\php.com\public\index.php | Строка: 8 \-----------------
[2022-03-28 14:11:03] Текст ошибки: Страница не найдена| Файл: C:\Open\OpenServer\domains\php.com\public\index.php | Строка: 8 \-----------------
[2022-03-28 14:11:51] Текст ошибки: Страница не найдена| Файл: C:\Open\OpenServer\domains\php.com\public\index.php | Строка: 8 \-----------------
[2022-03-28 14:46:50] Текст ошибки: Страница не найдена| Файл: C:\Open\OpenServer\domains\php.com\public\index.php | Строка: 8 \-----------------
[2022-03-28 14:47:34] Текст ошибки: Страница не найдена| Файл: C:\Open\OpenServer\domains\php.com\public\index.php | Строка: 8 \-----------------
[2022-03-28 14:47:35] Текст ошибки: Страница не найдена| Файл: C:\Open\OpenServer\domains\php.com\public\index.php | Строка: 8 \-----------------
[2022-03-28 14:49:04] Текст ошибки: Страница не найдена| Файл: C:\Open\OpenServer\domains\php.com\public\index.php | Строка: 8 \-----------------
[2022-03-28 14:49:08] Текст ошибки: Страница не найдена| Файл: C:\Open\OpenServer\domains\php.com\public\index.php | Строка: 8 \-----------------
[2022-03-28 14:49:08] Текст ошибки: Страница не найдена| Файл: C:\Open\OpenServer\domains\php.com\public\index.php | Строка: 8 \-----------------
[2022-03-28 14:52:04] Текст ошибки: Страница не найдена| Файл: C:\Open\OpenServer\domains\php.com\public\index.php | Строка: 7 \-----------------
[2022-03-28 14:52:08] Текст ошибки: Страница не найдена| Файл: C:\Open\OpenServer\domains\php.com\public\index.php | Строка: 7 \-----------------
[2022-03-28 14:54:03] Текст ошибки: Страница не найдена| Файл: C:\Open\OpenServer\domains\php.com\public\index.php | Строка: 7 \-----------------
[2022-03-28 15:33:37] Текст ошибки: Страница не найдена| Файл: C:\Open\OpenServer\domains\php.com\public\index.php | Строка: 7 \-----------------
[2022-03-28 15:33:48] Текст ошибки: Страница не найдена| Файл: C:\Open\OpenServer\domains\php.com\public\index.php | Строка: 7 \-----------------
[2022-03-28 19:55:53] Текст ошибки: Page not found| Файл: C:\Open\OpenServer\domains\php.com\vendor\php\core\Router.php | Строка: 25 \-----------------
[2022-03-28 19:57:12] Текст ошибки: Page not found| Файл: C:\Open\OpenServer\domains\php.com\vendor\php\core\Router.php | Строка: 25 \-----------------
[2022-03-28 20:37:44] Текст ошибки: Controller $controller not found| Файл: C:\Open\OpenServer\domains\php.com\vendor\php\core\Router.php | Строка: 29 \-----------------
[2022-03-28 20:42:02] Текст ошибки: Controller $controller not found| Файл: C:\Open\OpenServer\domains\php.com\vendor\php\core\Router.php | Строка: 31 \-----------------
[2022-03-28 20:44:04] Текст ошибки: Class 'app\controllers\PageViewController' not found| Файл: C:\Open\OpenServer\domains\php.com\vendor\php\core\Router.php | Строка: 26 \-----------------
[2022-03-28 20:55:09] Текст ошибки: Class 'app\controllers\PageViewController' not found| Файл: C:\Open\OpenServer\domains\php.com\vendor\php\core\Router.php | Строка: 26 \-----------------
[2022-03-28 20:55:12] Текст ошибки: Class 'app\controllers\MainController' not found| Файл: C:\Open\OpenServer\domains\php.com\vendor\php\core\Router.php | Строка: 26 \-----------------
[2022-03-28 20:57:45] Текст ошибки: Class 'app\controllers\MainController' not found| Файл: C:\Open\OpenServer\domains\php.com\vendor\php\core\Router.php | Строка: 26 \-----------------
[2022-03-28 20:58:36] Текст ошибки: Контроллер app\controllers\MainController не найден| Файл: C:\Open\OpenServer\domains\php.com\vendor\php\core\Router.php | Строка: 33 \-----------------
[2022-03-28 20:58:41] Текст ошибки: Контроллер app\controllers\PageController не найден| Файл: C:\Open\OpenServer\domains\php.com\vendor\php\core\Router.php | Строка: 33 \-----------------
[2022-03-28 21:01:56] Текст ошибки: Контроллер app\controllers\PageController не найден| Файл: C:\Open\OpenServer\domains\php.com\vendor\php\core\Router.php | Строка: 33 \-----------------
[2022-03-28 21:02:03] Текст ошибки: Контроллер app\controllers\PageViewController не найден| Файл: C:\Open\OpenServer\domains\php.com\vendor\php\core\Router.php | Строка: 33 \-----------------
[2022-03-28 21:03:44] Текст ошибки: Контроллер app\controllers\PageViewController не найден| Файл: C:\Open\OpenServer\domains\php.com\vendor\php\core\Router.php | Строка: 33 \-----------------
[2022-03-28 21:06:41] Текст ошибки: Контроллер app\controllers\PageController не найден| Файл: C:\Open\OpenServer\domains\php.com\vendor\php\core\Router.php | Строка: 33 \-----------------
[2022-03-28 21:06:50] Текст ошибки: Контроллер app\controllers\MainController не найден| Файл: C:\Open\OpenServer\domains\php.com\vendor\php\core\Router.php | Строка: 33 \-----------------
[2022-03-28 21:06:50] Текст ошибки: Контроллер app\controllers\MainController не найден| Файл: C:\Open\OpenServer\domains\php.com\vendor\php\core\Router.php | Строка: 33 \-----------------
[2022-03-28 21:10:24] Текст ошибки: Контроллер app\controllers\MainController не найден | Файл: C:\Open\OpenServer\domains\php.com\vendor\php\core\Router.php | Строка: 33
=================
[2022-03-28 21:19:23] Текст ошибки: Контроллер app\controllers\MainController не найден | Файл: C:\Open\OpenServer\domains\php.com\vendor\php\core\Router.php | Строка: 33
=================
[2022-03-28 21:19:26] Текст ошибки: Контроллер app\controllers\MainController не найден | Файл: C:\Open\OpenServer\domains\php.com\vendor\php\core\Router.php | Строка: 33
=================
[2022-03-28 21:19:58] Текст ошибки: Контроллер app\controllers\MainController не найден | Файл: C:\Open\OpenServer\domains\php.com\vendor\php\core\Router.php | Строка: 33
=================
[2022-03-28 21:21:30] Текст ошибки: Контроллер app\controllers\MainController не найден | Файл: C:\Open\OpenServer\domains\php.com\vendor\php\core\Router.php | Строка: 33
=================
[2022-03-28 21:21:35] Текст ошибки: Контроллер app\controllers\PageController не найден | Файл: C:\Open\OpenServer\domains\php.com\vendor\php\core\Router.php | Строка: 33
=================
[2022-03-28 21:22:17] Текст ошибки: Контроллер app\controllers\MainController не найден | Файл: C:\Open\OpenServer\domains\php.com\vendor\php\core\Router.php | Строка: 33
=================
[2022-03-28 21:22:17] Текст ошибки: Контроллер app\controllers\MainController не найден | Файл: C:\Open\OpenServer\domains\php.com\vendor\php\core\Router.php | Строка: 33
=================
[2022-03-28 21:25:13] Текст ошибки: Контроллер app\controllers\MainController не найден | Файл: C:\Open\OpenServer\domains\php.com\vendor\php\core\Router.php | Строка: 33
=================
[2022-03-28 21:26:29] Текст ошибки: Контроллер app\controllers\MainController не найден | Файл: C:\Open\OpenServer\domains\php.com\vendor\php\core\Router.php | Строка: 33
=================
[2022-03-28 21:29:24] Текст ошибки: Контроллер app\controllers\MainController не найден | Файл: C:\Open\OpenServer\domains\php.com\vendor\php\core\Router.php | Строка: 33
=================
[2022-03-28 21:31:40] Текст ошибки: Контроллер app\controllers\MainController не найден | Файл: C:\Open\OpenServer\domains\php.com\vendor\php\core\Router.php | Строка: 34
=================
[2022-03-28 21:33:52] Текст ошибки: Контроллер app\controllers\PageController не найден | Файл: C:\Open\OpenServer\domains\php.com\vendor\php\core\Router.php | Строка: 33
=================
[2022-03-28 21:34:04] Текст ошибки: Контроллер app\controllers\PageController не найден | Файл: C:\Open\OpenServer\domains\php.com\vendor\php\core\Router.php | Строка: 33
=================
[2022-03-28 21:34:59] Текст ошибки: Страница не найдена | Файл: C:\Open\OpenServer\domains\php.com\vendor\php\core\Router.php | Строка: 36
=================
[2022-03-28 21:35:05] Текст ошибки: Контроллер app\controllers\MainController не найден | Файл: C:\Open\OpenServer\domains\php.com\vendor\php\core\Router.php | Строка: 33
=================
[2022-03-28 21:35:16] Текст ошибки: Контроллер app\controllers\ViewController не найден | Файл: C:\Open\OpenServer\domains\php.com\vendor\php\core\Router.php | Строка: 33
=================
[2022-03-28 21:48:21] Текст ошибки: Контроллер app\controllers\MainController не найден | Файл: C:\Open\OpenServer\domains\php.com\vendor\php\core\Router.php | Строка: 33
=================
[2022-03-28 21:50:04] Текст ошибки: Class 'app\controllers\MainController' not found | Файл: C:\Open\OpenServer\domains\php.com\vendor\php\core\Router.php | Строка: 25
=================
[2022-03-28 21:51:22] Текст ошибки: Контроллер app\controllers\MainController не найден | Файл: C:\Open\OpenServer\domains\php.com\vendor\php\core\Router.php | Строка: 33
=================
[2022-03-29 08:19:02] Текст ошибки: Контроллер app\controllers\MainController не найден | Файл: C:\Open\OpenServer\domains\php.com\vendor\php\core\Router.php | Строка: 33
=================
[2022-03-29 08:24:05] Текст ошибки: Контроллер app\controllers\MainController не найден | Файл: C:\Open\OpenServer\domains\php.com\vendor\php\core\Router.php | Строка: 33
=================
[2022-03-29 08:24:16] Текст ошибки: Контроллер app\controllers\ViewController не найден | Файл: C:\Open\OpenServer\domains\php.com\vendor\php\core\Router.php | Строка: 33
=================
[2022-03-29 08:24:20] Текст ошибки: Контроллер app\controllers\MainController не найден | Файл: C:\Open\OpenServer\domains\php.com\vendor\php\core\Router.php | Строка: 33
=================
[2022-03-29 08:24:22] Текст ошибки: Контроллер app\controllers\MainController не найден | Файл: C:\Open\OpenServer\domains\php.com\vendor\php\core\Router.php | Строка: 33
=================
[2022-03-29 08:30:00] Текст ошибки: Контроллер app\controllers\MainController не найден | Файл: C:\Open\OpenServer\domains\php.com\vendor\php\core\Router.php | Строка: 33
=================
[2022-03-29 08:31:14] Текст ошибки: Контроллер app\controllers\PageViewController не найден | Файл: C:\Open\OpenServer\domains\php.com\vendor\php\core\Router.php | Строка: 33
=================
[2022-03-29 08:31:24] Текст ошибки: Контроллер app\controllers\PageController не найден | Файл: C:\Open\OpenServer\domains\php.com\vendor\php\core\Router.php | Строка: 33
=================
[2022-03-29 08:31:27] Текст ошибки: Контроллер app\controllers\PageController не найден | Файл: C:\Open\OpenServer\domains\php.com\vendor\php\core\Router.php | Строка: 33
=================
[2022-03-29 08:33:13] Текст ошибки: Контроллер app\controllers\PageController не найден | Файл: C:\Open\OpenServer\domains\php.com\vendor\php\core\Router.php | Строка: 33
=================
[2022-03-29 08:34:19] Текст ошибки: Контроллер app\controllers\PageController не найден | Файл: C:\Open\OpenServer\domains\php.com\vendor\php\core\Router.php | Строка: 33
=================
[2022-03-29 08:34:21] Текст ошибки: Контроллер app\controllers\PageController не найден | Файл: C:\Open\OpenServer\domains\php.com\vendor\php\core\Router.php | Строка: 33
=================
[2022-03-29 08:34:24] Текст ошибки: Контроллер app\controllers\PageController не найден | Файл: C:\Open\OpenServer\domains\php.com\vendor\php\core\Router.php | Строка: 33
=================
[2022-03-29 08:34:28] Текст ошибки: Контроллер app\controllers\PageController не найден | Файл: C:\Open\OpenServer\domains\php.com\vendor\php\core\Router.php | Строка: 33
=================
[2022-03-29 08:34:28] Текст ошибки: Страница не найдена | Файл: C:\Open\OpenServer\domains\php.com\vendor\php\core\Router.php | Строка: 36
=================
[2022-03-29 08:35:48] Текст ошибки: Контроллер app\controllersPageController не найден | Файл: C:\Open\OpenServer\domains\php.com\vendor\php\core\Router.php | Строка: 33
=================
[2022-03-29 08:37:30] Текст ошибки: Контроллер app\controllers\PageController не найден | Файл: C:\Open\OpenServer\domains\php.com\vendor\php\core\Router.php | Строка: 33
=================
[2022-03-29 08:37:32] Текст ошибки: Контроллер app\controllers\PageController не найден | Файл: C:\Open\OpenServer\domains\php.com\vendor\php\core\Router.php | Строка: 33
=================
[2022-03-29 08:37:36] Текст ошибки: Контроллер app\controllers\MainController не найден | Файл: C:\Open\OpenServer\domains\php.com\vendor\php\core\Router.php | Строка: 33
=================
[2022-03-29 08:37:37] Текст ошибки: Контроллер app\controllers\MainController не найден | Файл: C:\Open\OpenServer\domains\php.com\vendor\php\core\Router.php | Строка: 33
=================
[2022-03-29 08:38:08] Текст ошибки: Контроллер app\controllers\MainController не найден | Файл: C:\Open\OpenServer\domains\php.com\vendor\php\core\Router.php | Строка: 33
=================
[2022-03-29 08:38:20] Текст ошибки: Контроллер app\controllers\MainController не найден | Файл: C:\Open\OpenServer\domains\php.com\vendor\php\core\Router.php | Строка: 33
=================
[2022-03-29 08:43:33] Текст ошибки: Контроллер app\controllers\MainController не найден | Файл: C:\Open\OpenServer\domains\php.com\vendor\php\core\Router.php | Строка: 33
=================
[2022-03-29 08:54:28] Текст ошибки: Контроллер app\controllers\MainController не найден | Файл: C:\Open\OpenServer\domains\php.com\vendor\php\core\Router.php | Строка: 33
=================
[2022-03-29 08:54:50] Текст ошибки: Контроллер app\controllers\MainController не найден | Файл: C:\Open\OpenServer\domains\php.com\vendor\php\core\Router.php | Строка: 33
=================
[2022-03-29 08:54:52] Текст ошибки: Контроллер app\controllers\MainController не найден | Файл: C:\Open\OpenServer\domains\php.com\vendor\php\core\Router.php | Строка: 33
=================
[2022-03-29 08:57:12] Текст ошибки: Контроллер app\controllers\MainController не найден | Файл: C:\Open\OpenServer\domains\php.com\vendor\php\core\Router.php | Строка: 33
=================
[2022-03-29 08:58:03] Текст ошибки: Контроллер app\controllers\MainController не найден | Файл: C:\Open\OpenServer\domains\php.com\vendor\php\core\Router.php | Строка: 33
=================
[2022-03-29 08:59:17] Текст ошибки: Контроллер app\controllers\MainController не найден | Файл: C:\Open\OpenServer\domains\php.com\vendor\php\core\Router.php | Строка: 33
=================
[2022-03-29 09:01:18] Текст ошибки: Контроллер app\controllers\MainController не найден | Файл: C:\Open\OpenServer\domains\php.com\vendor\php\core\Router.php | Строка: 33
=================
[2022-03-29 09:01:38] Текст ошибки: Контроллер app\controllers\MainController не найден | Файл: C:\Open\OpenServer\domains\php.com\vendor\php\core\Router.php | Строка: 33
=================
[2022-03-29 09:02:22] Текст ошибки: Контроллер app\controllers\MainController не найден | Файл: C:\Open\OpenServer\domains\php.com\vendor\php\core\Router.php | Строка: 33
=================
[2022-03-29 09:02:24] Текст ошибки: Контроллер app\controllers\MainController не найден | Файл: C:\Open\OpenServer\domains\php.com\vendor\php\core\Router.php | Строка: 33
=================
[2022-03-29 09:05:08] Текст ошибки: Контроллер app\controllers\MainController не найден | Файл: C:\Open\OpenServer\domains\php.com\vendor\php\core\Router.php | Строка: 33
=================
[2022-03-29 09:08:06] Текст ошибки: Контроллер app\controllers\MainController не найден | Файл: C:\Open\OpenServer\domains\php.com\vendor\php\core\Router.php | Строка: 33
=================
[2022-03-29 09:09:45] Текст ошибки: Контроллер app\controllers\MainController не найден | Файл: C:\Open\OpenServer\domains\php.com\vendor\php\core\Router.php | Строка: 33
=================
[2022-03-29 09:10:48] Текст ошибки: Контроллер app\controllers\MainController не найден | Файл: C:\Open\OpenServer\domains\php.com\vendor\php\core\Router.php | Строка: 33
=================
[2022-03-29 09:10:58] Текст ошибки: Контроллер app\controllers\MainController не найден | Файл: C:\Open\OpenServer\domains\php.com\vendor\php\core\Router.php | Строка: 33
=================
[2022-03-29 09:15:05] Текст ошибки: Контроллер app\controllers\MainController не найден | Файл: C:\Open\OpenServer\domains\php.com\vendor\php\core\Router.php | Строка: 33
=================
[2022-03-29 10:40:51] Текст ошибки: Метод app\controllers\PageController::indexAction не найден | Файл: C:\Open\OpenServer\domains\php.com\vendor\php\core\Router.php | Строка: 30
=================
[2022-03-29 11:01:54] Текст ошибки: Class 'php\base\Controller' not found | Файл: C:\Open\OpenServer\domains\php.com\app\controllers\MainController.php | Строка: 7
=================
[2022-03-29 11:01:54] Текст ошибки: Class 'php\base\Controller' not found | Файл: C:\Open\OpenServer\domains\php.com\app\controllers\MainController.php | Строка: 7
=================
[2022-03-29 11:03:42] Текст ошибки: Class 'vendor\php\core\base\Controller' not found | Файл: C:\Open\OpenServer\domains\php.com\app\controllers\MainController.php | Строка: 7
=================
[2022-03-29 11:07:14] Текст ошибки: Class 'vendor\php\core\base\Controller' not found | Файл: C:\Open\OpenServer\domains\php.com\app\controllers\MainController.php | Строка: 7
=================
[2022-03-29 11:08:29] Текст ошибки: Class 'vendor\php\core\base\Controller' not found | Файл: C:\Open\OpenServer\domains\php.com\app\controllers\MainController.php | Строка: 7
=================
[2022-03-29 11:08:30] Текст ошибки: Class 'vendor\php\core\base\Controller' not found | Файл: C:\Open\OpenServer\domains\php.com\app\controllers\MainController.php | Строка: 7
=================
[2022-03-29 11:55:46] Текст ошибки: Class 'php\base\Controller' not found | Файл: C:\Open\OpenServer\domains\php.com\app\controllers\MainController.php | Строка: 9
=================
[2022-03-29 11:59:10] Текст ошибки: Class 'vendor\php\core\base\Controller' not found | Файл: C:\Open\OpenServer\domains\php.com\app\controllers\MainController.php | Строка: 11
=================
[2022-03-29 12:02:40] Текст ошибки: Class 'vendor\php\core\base\Controller' not found | Файл: C:\Open\OpenServer\domains\php.com\app\controllers\MainController.php | Строка: 11
=================
[2022-03-29 12:09:17] Текст ошибки: Class 'vendor\php\core\base\Controller' not found | Файл: C:\Open\OpenServer\domains\php.com\app\controllers\MainController.php | Строка: 11
=================
[2022-03-29 13:22:56] Текст ошибки: Call to undefined method app\controllers\PageController::getView() | Файл: C:\Open\OpenServer\domains\php.com\vendor\php\core\Router.php | Строка: 29
=================
[2022-03-29 13:24:43] Текст ошибки: Call to undefined method app\controllers\PageController::getView() | Файл: C:\Open\OpenServer\domains\php.com\vendor\php\core\Router.php | Строка: 29
=================
[2022-03-29 13:40:27] Текст ошибки: Не найден вид ($viewFile) | Файл: C:\Open\OpenServer\domains\php.com\vendor\php\core\base\View.php | Строка: 38
=================
[2022-03-29 13:41:37] Текст ошибки: Не найден вид ($viewFile) | Файл: C:\Open\OpenServer\domains\php.com\vendor\php\core\base\View.php | Строка: 38
=================
[2022-03-29 13:42:04] Текст ошибки: Не найден вид ($viewFile) | Файл: C:\Open\OpenServer\domains\php.com\vendor\php\core\base\View.php | Строка: 38
=================
[2022-03-29 13:43:50] Текст ошибки: Не найден вид ($viewFile) | Файл: C:\Open\OpenServer\domains\php.com\vendor\php\core\base\View.php | Строка: 38
=================
[2022-03-29 13:44:37] Текст ошибки: Не найден вид ($viewFile) | Файл: C:\Open\OpenServer\domains\php.com\vendor\php\core\base\View.php | Строка: 38
=================
[2022-03-29 13:45:42] Текст ошибки: Не найден вид ($viewFile) | Файл: C:\Open\OpenServer\domains\php.com\vendor\php\core\base\View.php | Строка: 38
=================
[2022-03-29 13:56:38] Текст ошибки: Не найден вид ($viewFile) | Файл: C:\Open\OpenServer\domains\php.com\vendor\php\core\base\View.php | Строка: 35
=================
[2022-03-29 14:01:02] Текст ошибки: На найден вид C:\Open\OpenServer\domains\php.com/app/views/Main/index.php | Файл: C:\Open\OpenServer\domains\php.com\vendor\php\core\base\View.php | Строка: 36
=================
[2022-03-29 14:02:12] Текст ошибки: На найден вид C:\Open\OpenServer\domains\php.com/app/views/Main/index.php | Файл: C:\Open\OpenServer\domains\php.com\vendor\php\core\base\View.php | Строка: 34
=================
[2022-03-29 14:04:16] Текст ошибки: На найден шаблон default | Файл: C:\Open\OpenServer\domains\php.com\vendor\php\core\base\View.php | Строка: 41
=================
[2022-03-29 14:39:13] Текст ошибки: syntax error, unexpected '}' | Файл: C:\Open\OpenServer\domains\php.com\vendor\php\core\base\View.php | Строка: 43
=================
[2022-03-29 14:40:02] Текст ошибки: На найден шаблон default | Файл: C:\Open\OpenServer\domains\php.com\vendor\php\core\base\View.php | Строка: 44
=================
[2022-03-29 14:42:15] Текст ошибки: На найден шаблон default | Файл: C:\Open\OpenServer\domains\php.com\vendor\php\core\base\View.php | Строка: 44
=================
[2022-03-29 14:42:16] Текст ошибки: На найден шаблон default | Файл: C:\Open\OpenServer\domains\php.com\vendor\php\core\base\View.php | Строка: 44
=================
[2022-03-29 14:42:57] Текст ошибки: На найден шаблон default | Файл: C:\Open\OpenServer\domains\php.com\vendor\php\core\base\View.php | Строка: 44
=================
[2022-03-29 16:40:51] Текст ошибки: Too few arguments to function php\Router::removeQueryString(), 0 passed in C:\Open\OpenServer\domains\php.com\vendor\php\core\Router.php on line 22 and exactly 1 expected | Файл: C:\Open\OpenServer\domains\php.com\vendor\php\core\Router.php | Строка: 75
=================
[2022-03-29 16:41:17] Текст ошибки: Too few arguments to function php\Router::removeQueryString(), 0 passed in C:\Open\OpenServer\domains\php.com\vendor\php\core\Router.php on line 22 and exactly 1 expected | Файл: C:\Open\OpenServer\domains\php.com\vendor\php\core\Router.php | Строка: 75
=================
[2022-03-29 16:41:18] Текст ошибки: Too few arguments to function php\Router::removeQueryString(), 0 passed in C:\Open\OpenServer\domains\php.com\vendor\php\core\Router.php on line 22 and exactly 1 expected | Файл: C:\Open\OpenServer\domains\php.com\vendor\php\core\Router.php | Строка: 75
=================
[2022-03-29 16:41:38] Текст ошибки: Too few arguments to function php\Router::removeQueryString(), 0 passed in C:\Open\OpenServer\domains\php.com\vendor\php\core\Router.php on line 22 and exactly 1 expected | Файл: C:\Open\OpenServer\domains\php.com\vendor\php\core\Router.php | Строка: 75
=================
[2022-03-29 19:35:12] Текст ошибки: Страница не найдена | Файл: C:\Open\OpenServer\domains\php.com\vendor\php\core\Router.php | Строка: 39
=================
[2022-03-29 19:35:29] Текст ошибки: Страница не найдена | Файл: C:\Open\OpenServer\domains\php.com\vendor\php\core\Router.php | Строка: 39
=================
[2022-03-29 19:36:29] Текст ошибки: Страница не найдена | Файл: C:\Open\OpenServer\domains\php.com\vendor\php\core\Router.php | Строка: 39
=================
[2022-03-29 19:37:03] Текст ошибки: Call to undefined method app\controllers\PageController::getView() | Файл: C:\Open\OpenServer\domains\php.com\vendor\php\core\Router.php | Строка: 31
=================
[2022-03-29 19:38:13] Текст ошибки: На найден вид C:\Open\OpenServer\domains\php.com/app/views/Page/index.php | Файл: C:\Open\OpenServer\domains\php.com\vendor\php\core\base\View.php | Строка: 38
=================
[2022-03-29 20:48:22] Текст ошибки: Class 'php\base\Db' not found | Файл: C:\Open\OpenServer\domains\php.com\vendor\php\core\base\Model.php | Строка: 12
=================
[2022-03-29 20:50:56] Текст ошибки: Class 'R' not found | Файл: C:\Open\OpenServer\domains\php.com\vendor\php\core\base\Db.php | Строка: 14
=================
[2022-03-29 20:52:17] Текст ошибки: Class 'R' not found | Файл: C:\Open\OpenServer\domains\php.com\vendor\php\core\base\Db.php | Строка: 14
=================
[2022-03-29 20:52:18] Текст ошибки: Class 'R' not found | Файл: C:\Open\OpenServer\domains\php.com\vendor\php\core\base\Db.php | Строка: 14
=================
[2022-03-29 20:54:17] Текст ошибки: Call to undefined method php\base\Db::instance() | Файл: C:\Open\OpenServer\domains\php.com\vendor\php\core\base\Model.php | Строка: 12
=================
[2022-03-29 20:55:05] Текст ошибки: Call to undefined method php\base\Db::instance() | Файл: C:\Open\OpenServer\domains\php.com\vendor\php\core\base\Model.php | Строка: 12
=================
[2022-03-29 21:02:06] Текст ошибки: Call to undefined method php\base\Db::instance() | Файл: C:\Open\OpenServer\domains\php.com\vendor\php\core\base\Model.php | Строка: 12
=================
[2022-03-29 21:04:23] Текст ошибки: Call to undefined method php\base\Db::instance() | Файл: C:\Open\OpenServer\domains\php.com\vendor\php\core\base\Model.php | Строка: 12
=================
[2022-03-29 21:07:43] Текст ошибки: Call to undefined method php\base\Db::instance() | Файл: C:\Open\OpenServer\domains\php.com\vendor\php\core\base\Model.php | Строка: 12
=================
[2022-03-29 21:08:48] Текст ошибки: Call to undefined method php\base\Db::instance() | Файл: C:\Open\OpenServer\domains\php.com\vendor\php\core\base\Model.php | Строка: 12
=================
[2022-03-29 21:08:49] Текст ошибки: Call to undefined method php\base\Db::instance() | Файл: C:\Open\OpenServer\domains\php.com\vendor\php\core\base\Model.php | Строка: 12
=================
[2022-03-29 21:10:30] Текст ошибки: Call to undefined method php\base\Db::instance() | Файл: C:\Open\OpenServer\domains\php.com\vendor\php\core\base\Model.php | Строка: 12
=================
[2022-03-29 21:10:31] Текст ошибки: Call to undefined method php\base\Db::instance() | Файл: C:\Open\OpenServer\domains\php.com\vendor\php\core\base\Model.php | Строка: 12
=================
[2022-03-29 21:15:10] Текст ошибки: Call to undefined method php\base\Db::instance() | Файл: C:\Open\OpenServer\domains\php.com\vendor\php\core\base\Model.php | Строка: 12
=================
[2022-03-29 21:39:46] Текст ошибки: Call to undefined method php\base\Db::instance() | Файл: C:\Open\OpenServer\domains\php.com\vendor\php\core\base\Model.php | Строка: 12
=================
[2022-03-29 21:48:30] Текст ошибки: Call to undefined method php\base\Db::instance() | Файл: C:\Open\OpenServer\domains\php.com\vendor\php\core\base\Model.php | Строка: 12
=================
[2022-03-29 21:50:33] Текст ошибки: Call to undefined method php\base\Db::instance() | Файл: C:\Open\OpenServer\domains\php.com\vendor\php\core\base\Model.php | Строка: 12
=================
[2022-03-30 07:58:03] Текст ошибки: Call to undefined method php\base\Db::instance() | Файл: C:\Open\OpenServer\domains\php.com\vendor\php\core\base\Model.php | Строка: 12
=================
[2022-03-30 09:42:41] Текст ошибки: Call to undefined method php\base\Db::instance() | Файл: C:\Open\OpenServer\domains\php.com\vendor\php\core\base\Model.php | Строка: 12
=================
[2022-03-30 09:42:42] Текст ошибки: Call to undefined method php\base\Db::instance() | Файл: C:\Open\OpenServer\domains\php.com\vendor\php\core\base\Model.php | Строка: 12
=================
[2022-03-30 09:44:59] Текст ошибки: Call to undefined method php\base\Db::instance() | Файл: C:\Open\OpenServer\domains\php.com\vendor\php\core\base\Model.php | Строка: 12
=================
[2022-03-30 09:45:00] Текст ошибки: Call to undefined method php\base\Db::instance() | Файл: C:\Open\OpenServer\domains\php.com\vendor\php\core\base\Model.php | Строка: 12
=================
[2022-03-30 09:46:39] Текст ошибки: Call to undefined method php\base\Db::instance() | Файл: C:\Open\OpenServer\domains\php.com\vendor\php\core\base\Model.php | Строка: 12
=================
[2022-03-30 10:00:50] Текст ошибки: Unsupported database (). | Файл: C:\Open\OpenServer\domains\php.com\vendor\gabordemooij\redbean\RedBeanPHP\Facade.php | Строка: 479
=================
[2022-03-30 10:41:36] Текст ошибки: SQLSTATE[3D000]: Invalid catalog name: 1046 No database selected | Файл: C:\Open\OpenServer\domains\php.com\vendor\gabordemooij\redbean\RedBeanPHP\Driver\RPDO.php | Строка: 206
=================
[2022-03-30 10:42:17] Текст ошибки: SQLSTATE[3D000]: Invalid catalog name: 1046 No database selected | Файл: C:\Open\OpenServer\domains\php.com\vendor\gabordemooij\redbean\RedBeanPHP\Driver\RPDO.php | Строка: 206
=================
[2022-03-30 10:42:17] Текст ошибки: SQLSTATE[3D000]: Invalid catalog name: 1046 No database selected | Файл: C:\Open\OpenServer\domains\php.com\vendor\gabordemooij\redbean\RedBeanPHP\Driver\RPDO.php | Строка: 206
=================
[2022-03-30 10:43:34] Текст ошибки: SQLSTATE[3D000]: Invalid catalog name: 1046 No database selected | Файл: C:\Open\OpenServer\domains\php.com\vendor\gabordemooij\redbean\RedBeanPHP\Driver\RPDO.php | Строка: 206
=================
[2022-03-30 10:43:35] Текст ошибки: SQLSTATE[3D000]: Invalid catalog name: 1046 No database selected | Файл: C:\Open\OpenServer\domains\php.com\vendor\gabordemooij\redbean\RedBeanPHP\Driver\RPDO.php | Строка: 206
=================
[2022-03-30 10:44:18] Текст ошибки: SQLSTATE[3D000]: Invalid catalog name: 1046 No database selected | Файл: C:\Open\OpenServer\domains\php.com\vendor\gabordemooij\redbean\RedBeanPHP\Driver\RPDO.php | Строка: 206
=================
[2022-03-30 10:44:30] Текст ошибки: SQLSTATE[3D000]: Invalid catalog name: 1046 No database selected | Файл: C:\Open\OpenServer\domains\php.com\vendor\gabordemooij\redbean\RedBeanPHP\Driver\RPDO.php | Строка: 206
=================
[2022-03-30 10:51:20] Текст ошибки: SQLSTATE[3D000]: Invalid catalog name: 1046 No database selected | Файл: C:\Open\OpenServer\domains\php.com\vendor\gabordemooij\redbean\RedBeanPHP\Driver\RPDO.php | Строка: 206
=================
[2022-03-30 10:53:09] Текст ошибки: SQLSTATE[3D000]: Invalid catalog name: 1046 No database selected | Файл: C:\Open\OpenServer\domains\php.com\vendor\gabordemooij\redbean\RedBeanPHP\Driver\RPDO.php | Строка: 206
=================
[2022-03-30 10:53:10] Текст ошибки: SQLSTATE[3D000]: Invalid catalog name: 1046 No database selected | Файл: C:\Open\OpenServer\domains\php.com\vendor\gabordemooij\redbean\RedBeanPHP\Driver\RPDO.php | Строка: 206
=================
[2022-03-30 10:55:35] Текст ошибки: SQLSTATE[3D000]: Invalid catalog name: 1046 No database selected | Файл: C:\Open\OpenServer\domains\php.com\vendor\gabordemooij\redbean\RedBeanPHP\Driver\RPDO.php | Строка: 206
=================
[2022-03-30 10:55:36] Текст ошибки: SQLSTATE[3D000]: Invalid catalog name: 1046 No database selected | Файл: C:\Open\OpenServer\domains\php.com\vendor\gabordemooij\redbean\RedBeanPHP\Driver\RPDO.php | Строка: 206
=================
[2022-03-30 10:55:37] Текст ошибки: SQLSTATE[3D000]: Invalid catalog name: 1046 No database selected | Файл: C:\Open\OpenServer\domains\php.com\vendor\gabordemooij\redbean\RedBeanPHP\Driver\RPDO.php | Строка: 206
=================
[2022-03-30 10:56:29] Текст ошибки: Нет соединения с БД | Файл: C:\Open\OpenServer\domains\php.com\vendor\php\core\base\Db.php | Строка: 16
=================
[2022-03-30 11:06:24] Текст ошибки: Call to a member function grep() on null | Файл: C:\Open\OpenServer\domains\php.com\app\views\layout\default.php | Строка: 21
=================
[2022-03-30 14:36:06] Текст ошибки: Страница не найдена | Файл: C:\Open\OpenServer\domains\php.com\vendor\php\core\Router.php | Строка: 38
=================
[2022-03-30 14:36:06] Текст ошибки: Страница не найдена | Файл: C:\Open\OpenServer\domains\php.com\vendor\php\core\Router.php | Строка: 38
=================
[2022-03-30 14:36:06] Текст ошибки: Страница не найдена | Файл: C:\Open\OpenServer\domains\php.com\vendor\php\core\Router.php | Строка: 38
=================
[2022-03-30 14:36:06] Текст ошибки: Страница не найдена | Файл: C:\Open\OpenServer\domains\php.com\vendor\php\core\Router.php | Строка: 38
=================
[2022-03-30 14:36:06] Текст ошибки: Страница не найдена | Файл: C:\Open\OpenServer\domains\php.com\vendor\php\core\Router.php | Строка: 38
=================
[2022-03-30 14:36:06] Текст ошибки: Страница не найдена | Файл: C:\Open\OpenServer\domains\php.com\vendor\php\core\Router.php | Строка: 38
=================
[2022-03-30 14:36:06] Текст ошибки: Страница не найдена | Файл: C:\Open\OpenServer\domains\php.com\vendor\php\core\Router.php | Строка: 38
=================
[2022-03-30 14:36:06] Текст ошибки: Страница не найдена | Файл: C:\Open\OpenServer\domains\php.com\vendor\php\core\Router.php | Строка: 38
=================
[2022-03-30 14:36:06] Текст ошибки: Страница не найдена | Файл: C:\Open\OpenServer\domains\php.com\vendor\php\core\Router.php | Строка: 38
=================
[2022-03-30 14:36:06] Текст ошибки: Страница не найдена | Файл: C:\Open\OpenServer\domains\php.com\vendor\php\core\Router.php | Строка: 38
=================
[2022-03-30 14:36:06] Текст ошибки: Страница не найдена | Файл: C:\Open\OpenServer\domains\php.com\vendor\php\core\Router.php | Строка: 38
=================
[2022-03-30 14:36:06] Текст ошибки: Страница не найдена | Файл: C:\Open\OpenServer\domains\php.com\vendor\php\core\Router.php | Строка: 38
=================
[2022-03-30 14:36:06] Текст ошибки: Страница не найдена | Файл: C:\Open\OpenServer\domains\php.com\vendor\php\core\Router.php | Строка: 38
=================
[2022-03-30 14:36:06] Текст ошибки: Страница не найдена | Файл: C:\Open\OpenServer\domains\php.com\vendor\php\core\Router.php | Строка: 38
=================
[2022-03-30 14:36:06] Текст ошибки: Страница не найдена | Файл: C:\Open\OpenServer\domains\php.com\vendor\php\core\Router.php | Строка: 38
=================
[2022-03-30 14:36:06] Текст ошибки: Страница не найдена | Файл: C:\Open\OpenServer\domains\php.com\vendor\php\core\Router.php | Строка: 38
=================
[2022-03-30 14:36:06] Текст ошибки: Страница не найдена | Файл: C:\Open\OpenServer\domains\php.com\vendor\php\core\Router.php | Строка: 38
=================
[2022-03-30 14:36:06] Текст ошибки: Страница не найдена | Файл: C:\Open\OpenServer\domains\php.com\vendor\php\core\Router.php | Строка: 38
=================
[2022-03-30 14:36:06] Текст ошибки: Страница не найдена | Файл: C:\Open\OpenServer\domains\php.com\vendor\php\core\Router.php | Строка: 38
=================
[2022-03-30 14:36:06] Текст ошибки: Страница не найдена | Файл: C:\Open\OpenServer\domains\php.com\vendor\php\core\Router.php | Строка: 38
=================
[2022-03-30 14:36:06] Текст ошибки: Страница не найдена | Файл: C:\Open\OpenServer\domains\php.com\vendor\php\core\Router.php | Строка: 38
=================
[2022-03-30 14:36:06] Текст ошибки: Страница не найдена | Файл: C:\Open\OpenServer\domains\php.com\vendor\php\core\Router.php | Строка: 38
=================
[2022-03-30 14:36:06] Текст ошибки: Страница не найдена | Файл: C:\Open\OpenServer\domains\php.com\vendor\php\core\Router.php | Строка: 38
=================
[2022-03-30 14:47:29] Текст ошибки: Страница не найдена | Файл: C:\Open\OpenServer\domains\php.com\vendor\php\core\Router.php | Строка: 38
=================
[2022-03-30 14:47:29] Текст ошибки: Страница не найдена | Файл: C:\Open\OpenServer\domains\php.com\vendor\php\core\Router.php | Строка: 38
=================
[2022-03-30 14:47:29] Текст ошибки: Страница не найдена | Файл: C:\Open\OpenServer\domains\php.com\vendor\php\core\Router.php | Строка: 38
=================
[2022-03-30 14:47:29] Текст ошибки: Страница не найдена | Файл: C:\Open\OpenServer\domains\php.com\vendor\php\core\Router.php | Строка: 38
=================
[2022-03-30 14:47:29] Текст ошибки: Страница не найдена | Файл: C:\Open\OpenServer\domains\php.com\vendor\php\core\Router.php | Строка: 38
=================
[2022-03-30 14:47:29] Текст ошибки: Страница не найдена | Файл: C:\Open\OpenServer\domains\php.com\vendor\php\core\Router.php | Строка: 38
=================
[2022-03-30 14:47:29] Текст ошибки: Страница не найдена | Файл: C:\Open\OpenServer\domains\php.com\vendor\php\core\Router.php | Строка: 38
=================
[2022-03-30 14:47:29] Текст ошибки: Страница не найдена | Файл: C:\Open\OpenServer\domains\php.com\vendor\php\core\Router.php | Строка: 38
=================
[2022-03-30 14:47:29] Текст ошибки: Страница не найдена | Файл: C:\Open\OpenServer\domains\php.com\vendor\php\core\Router.php | Строка: 38
=================
[2022-03-30 14:47:29] Текст ошибки: Страница не найдена | Файл: C:\Open\OpenServer\domains\php.com\vendor\php\core\Router.php | Строка: 38
=================
[2022-03-30 14:47:29] Текст ошибки: Страница не найдена | Файл: C:\Open\OpenServer\domains\php.com\vendor\php\core\Router.php | Строка: 38
=================
[2022-03-30 14:47:29] Текст ошибки: Страница не найдена | Файл: C:\Open\OpenServer\domains\php.com\vendor\php\core\Router.php | Строка: 38
=================
[2022-03-30 14:47:29] Текст ошибки: Страница не найдена | Файл: C:\Open\OpenServer\domains\php.com\vendor\php\core\Router.php | Строка: 38
=================
[2022-03-30 14:47:29] Текст ошибки: Страница не найдена | Файл: C:\Open\OpenServer\domains\php.com\vendor\php\core\Router.php | Строка: 38
=================
[2022-03-30 14:47:29] Текст ошибки: Страница не найдена | Файл: C:\Open\OpenServer\domains\php.com\vendor\php\core\Router.php | Строка: 38
=================
[2022-03-30 14:47:29] Текст ошибки: Страница не найдена | Файл: C:\Open\OpenServer\domains\php.com\vendor\php\core\Router.php | Строка: 38
=================
[2022-03-30 14:47:29] Текст ошибки: Страница не найдена | Файл: C:\Open\OpenServer\domains\php.com\vendor\php\core\Router.php | Строка: 38
=================
[2022-03-30 14:47:29] Текст ошибки: Страница не найдена | Файл: C:\Open\OpenServer\domains\php.com\vendor\php\core\Router.php | Строка: 38
=================
[2022-03-30 14:47:29] Текст ошибки: Страница не найдена | Файл: C:\Open\OpenServer\domains\php.com\vendor\php\core\Router.php | Строка: 38
=================
[2022-03-30 14:47:29] Текст ошибки: Страница не найдена | Файл: C:\Open\OpenServer\domains\php.com\vendor\php\core\Router.php | Строка: 38
=================
[2022-03-30 14:47:29] Текст ошибки: Страница не найдена | Файл: C:\Open\OpenServer\domains\php.com\vendor\php\core\Router.php | Строка: 38
=================
[2022-03-30 14:47:29] Текст ошибки: Страница не найдена | Файл: C:\Open\OpenServer\domains\php.com\vendor\php\core\Router.php | Строка: 38
=================
[2022-03-30 14:47:29] Текст ошибки: Страница не найдена | Файл: C:\Open\OpenServer\domains\php.com\vendor\php\core\Router.php | Строка: 38
=================
[2022-03-30 14:48:18] Текст ошибки: Страница не найдена | Файл: C:\Open\OpenServer\domains\php.com\vendor\php\core\Router.php | Строка: 38
=================
[2022-03-30 14:48:18] Текст ошибки: Страница не найдена | Файл: C:\Open\OpenServer\domains\php.com\vendor\php\core\Router.php | Строка: 38
=================
[2022-03-30 14:48:18] Текст ошибки: Страница не найдена | Файл: C:\Open\OpenServer\domains\php.com\vendor\php\core\Router.php | Строка: 38
=================
[2022-03-30 14:48:18] Текст ошибки: Страница не найдена | Файл: C:\Open\OpenServer\domains\php.com\vendor\php\core\Router.php | Строка: 38
=================
[2022-03-30 14:48:18] Текст ошибки: Страница не найдена | Файл: C:\Open\OpenServer\domains\php.com\vendor\php\core\Router.php | Строка: 38
=================
[2022-03-30 14:48:18] Текст ошибки: Страница не найдена | Файл: C:\Open\OpenServer\domains\php.com\vendor\php\core\Router.php | Строка: 38
=================
[2022-03-30 14:48:18] Текст ошибки: Страница не найдена | Файл: C:\Open\OpenServer\domains\php.com\vendor\php\core\Router.php | Строка: 38
=================
[2022-03-30 14:48:18] Текст ошибки: Страница не найдена | Файл: C:\Open\OpenServer\domains\php.com\vendor\php\core\Router.php | Строка: 38
=================
[2022-03-30 14:48:18] Текст ошибки: Страница не найдена | Файл: C:\Open\OpenServer\domains\php.com\vendor\php\core\Router.php | Строка: 38
=================
[2022-03-30 14:48:18] Текст ошибки: Страница не найдена | Файл: C:\Open\OpenServer\domains\php.com\vendor\php\core\Router.php | Строка: 38
=================
[2022-03-30 14:48:18] Текст ошибки: Страница не найдена | Файл: C:\Open\OpenServer\domains\php.com\vendor\php\core\Router.php | Строка: 38
=================
[2022-03-30 14:48:18] Текст ошибки: Страница не найдена | Файл: C:\Open\OpenServer\domains\php.com\vendor\php\core\Router.php | Строка: 38
=================
[2022-03-30 14:48:18] Текст ошибки: Страница не найдена | Файл: C:\Open\OpenServer\domains\php.com\vendor\php\core\Router.php | Строка: 38
=================
[2022-03-30 14:48:18] Текст ошибки: Страница не найдена | Файл: C:\Open\OpenServer\domains\php.com\vendor\php\core\Router.php | Строка: 38
=================
[2022-03-30 14:48:18] Текст ошибки: Страница не найдена | Файл: C:\Open\OpenServer\domains\php.com\vendor\php\core\Router.php | Строка: 38
=================
[2022-03-30 14:48:18] Текст ошибки: Страница не найдена | Файл: C:\Open\OpenServer\domains\php.com\vendor\php\core\Router.php | Строка: 38
=================
[2022-03-30 14:48:18] Текст ошибки: Страница не найдена | Файл: C:\Open\OpenServer\domains\php.com\vendor\php\core\Router.php | Строка: 38
=================
[2022-03-30 14:48:18] Текст ошибки: Страница не найдена | Файл: C:\Open\OpenServer\domains\php.com\vendor\php\core\Router.php | Строка: 38
=================
[2022-03-30 14:48:18] Текст ошибки: Страница не найдена | Файл: C:\Open\OpenServer\domains\php.com\vendor\php\core\Router.php | Строка: 38
=================
[2022-03-30 14:48:18] Текст ошибки: Страница не найдена | Файл: C:\Open\OpenServer\domains\php.com\vendor\php\core\Router.php | Строка: 38
=================
[2022-03-30 14:48:18] Текст ошибки: Страница не найдена | Файл: C:\Open\OpenServer\domains\php.com\vendor\php\core\Router.php | Строка: 38
=================
[2022-03-30 14:48:18] Текст ошибки: Страница не найдена | Файл: C:\Open\OpenServer\domains\php.com\vendor\php\core\Router.php | Строка: 38
=================
[2022-03-30 14:48:18] Текст ошибки: Страница не найдена | Файл: C:\Open\OpenServer\domains\php.com\vendor\php\core\Router.php | Строка: 38
=================
[2022-03-30 15:20:14] Текст ошибки: Страница не найдена | Файл: C:\Open\OpenServer\domains\php.com\vendor\php\core\Router.php | Строка: 38
=================
[2022-03-30 15:26:41] Текст ошибки: Страница не найдена | Файл: C:\Open\OpenServer\domains\php.com\vendor\php\core\Router.php | Строка: 38
=================
[2022-03-30 15:26:49] Текст ошибки: Страница не найдена | Файл: C:\Open\OpenServer\domains\php.com\vendor\php\core\Router.php | Строка: 38
=================
[2022-03-30 22:03:17] Текст ошибки: syntax error, unexpected 'endif' (T_ENDIF) | Файл: C:\Open\OpenServer\domains\php.com\app\views\Main\index.php | Строка: 38
=================
[2022-03-31 13:04:37] Текст ошибки: Страница не найдена | Файл: C:\Open\OpenServer\domains\php.com\vendor\php\core\Router.php | Строка: 38
=================
[2022-03-31 13:07:48] Текст ошибки: Страница не найдена | Файл: C:\Open\OpenServer\domains\php.com\vendor\php\core\Router.php | Строка: 38
=================
[2022-03-31 13:07:50] Текст ошибки: Страница не найдена | Файл: C:\Open\OpenServer\domains\php.com\vendor\php\core\Router.php | Строка: 38
=================
[2022-03-31 13:20:34] Текст ошибки: Страница не найдена | Файл: C:\Open\OpenServer\domains\php.com\vendor\php\core\Router.php | Строка: 38
=================
[2022-03-31 13:20:37] Текст ошибки: Страница не найдена | Файл: C:\Open\OpenServer\domains\php.com\vendor\php\core\Router.php | Строка: 38
=================
[2022-03-31 13:20:38] Текст ошибки: Страница не найдена | Файл: C:\Open\OpenServer\domains\php.com\vendor\php\core\Router.php | Строка: 38
=================
[2022-03-31 13:21:17] Текст ошибки: Страница не найдена | Файл: C:\Open\OpenServer\domains\php.com\vendor\php\core\Router.php | Строка: 38
=================
[2022-03-31 13:21:25] Текст ошибки: Страница не найдена | Файл: C:\Open\OpenServer\domains\php.com\vendor\php\core\Router.php | Строка: 38
=================
[2022-03-31 13:21:29] Текст ошибки: Страница не найдена | Файл: C:\Open\OpenServer\domains\php.com\vendor\php\core\Router.php | Строка: 38
=================
[2022-03-31 13:21:30] Текст ошибки: Страница не найдена | Файл: C:\Open\OpenServer\domains\php.com\vendor\php\core\Router.php | Строка: 38
=================
[2022-03-31 13:21:32] Текст ошибки: Страница не найдена | Файл: C:\Open\OpenServer\domains\php.com\vendor\php\core\Router.php | Строка: 38
=================
[2022-03-31 13:25:39] Текст ошибки: Страница не найдена | Файл: C:\Open\OpenServer\domains\php.com\vendor\php\core\Router.php | Строка: 38
=================
[2022-03-31 13:26:46] Текст ошибки: Страница не найдена | Файл: C:\Open\OpenServer\domains\php.com\vendor\php\core\Router.php | Строка: 38
=================
[2022-03-31 13:37:13] Текст ошибки: Страница не найдена | Файл: C:\Open\OpenServer\domains\php.com\vendor\php\core\Router.php | Строка: 38
=================
[2022-03-31 13:37:33] Текст ошибки: Контроллер app\controllers\CartController не найден | Файл: C:\Open\OpenServer\domains\php.com\vendor\php\core\Router.php | Строка: 35
=================
[2022-03-31 14:00:45] Текст ошибки: Страница не найдена | Файл: C:\Open\OpenServer\domains\php.com\vendor\php\core\Router.php | Строка: 38
=================
[2022-03-31 15:06:24] Текст ошибки: SQLSTATE[42000]: Syntax error or access violation: 1064 You have an error in your SQL syntax; check the manual that corresponds to your MySQL server version for the right syntax to use near 'code, title, symbol_left, symbol_right, value, base FROM currency ORDER BY base ' at line 1 | Файл: C:\Open\OpenServer\domains\php.com\vendor\gabordemooij\redbean\RedBeanPHP\Driver\RPDO.php | Строка: 206
=================
[2022-03-31 15:11:29] Текст ошибки: Too few arguments to function php\Registry::getProperty(), 0 passed in C:\Open\OpenServer\domains\php.com\app\controllers\AppController.php on line 17 and exactly 1 expected | Файл: C:\Open\OpenServer\domains\php.com\vendor\php\core\Registry.php | Строка: 13
=================
[2022-03-31 15:12:49] Текст ошибки: Too few arguments to function php\Registry::getProperty(), 0 passed in C:\Open\OpenServer\domains\php.com\app\controllers\AppController.php on line 17 and exactly 1 expected | Файл: C:\Open\OpenServer\domains\php.com\vendor\php\core\Registry.php | Строка: 13
=================
[2022-03-31 17:30:23] Текст ошибки: Too few arguments to function php\Registry::setProperty(), 1 passed in C:\Open\OpenServer\domains\php.com\app\controllers\AppController.php on line 17 and exactly 2 expected | Файл: C:\Open\OpenServer\domains\php.com\vendor\php\core\Registry.php | Строка: 9
=================
[2022-03-31 17:32:18] Текст ошибки: Too few arguments to function php\Registry::setProperty(), 1 passed in C:\Open\OpenServer\domains\php.com\app\controllers\AppController.php on line 17 and exactly 2 expected | Файл: C:\Open\OpenServer\domains\php.com\vendor\php\core\Registry.php | Строка: 9
=================
[2022-03-31 17:32:58] Текст ошибки: Too few arguments to function php\Registry::setProperty(), 1 passed in C:\Open\OpenServer\domains\php.com\app\controllers\AppController.php on line 17 and exactly 2 expected | Файл: C:\Open\OpenServer\domains\php.com\vendor\php\core\Registry.php | Строка: 9
=================
[2022-04-01 20:42:08] Текст ошибки: Страница не найдена | Файл: C:\Open\OpenServer\domains\php.com\vendor\php\core\Router.php | Строка: 38
=================
[2022-04-02 12:17:48] Текст ошибки: Страница не найдена | Файл: C:\Open\OpenServer\domains\php.com\vendor\php\core\Router.php | Строка: 38
=================
[2022-04-02 12:17:53] Текст ошибки: Call to undefined method app\controllers\CurrencyController::getView() | Файл: C:\Open\OpenServer\domains\php.com\vendor\php\core\Router.php | Строка: 30
=================
[2022-04-02 12:18:01] Текст ошибки: Call to undefined method app\controllers\CurrencyController::getView() | Файл: C:\Open\OpenServer\domains\php.com\vendor\php\core\Router.php | Строка: 30
=================
[2022-04-02 12:18:04] Текст ошибки: Call to undefined method app\controllers\CurrencyController::getView() | Файл: C:\Open\OpenServer\domains\php.com\vendor\php\core\Router.php | Строка: 30
=================
[2022-04-02 12:18:07] Текст ошибки: Call to undefined method app\controllers\CurrencyController::getView() | Файл: C:\Open\OpenServer\domains\php.com\vendor\php\core\Router.php | Строка: 30
=================
[2022-04-02 12:18:45] Текст ошибки: Call to undefined method app\controllers\CurrencyController::getView() | Файл: C:\Open\OpenServer\domains\php.com\vendor\php\core\Router.php | Строка: 30
=================
[2022-04-02 12:19:27] Текст ошибки: На найден вид C:\Open\OpenServer\domains\php.com/app/views/Currency/change.php | Файл: C:\Open\OpenServer\domains\php.com\vendor\php\core\base\View.php | Строка: 38
=================
[2022-04-02 12:23:34] Текст ошибки: На найден вид C:\Open\OpenServer\domains\php.com/app/views/Currency/change.php | Файл: C:\Open\OpenServer\domains\php.com\vendor\php\core\base\View.php | Строка: 38
=================
[2022-04-02 12:26:59] Текст ошибки: На найден вид C:\Open\OpenServer\domains\php.com/app/views/Currency/change.php | Файл: C:\Open\OpenServer\domains\php.com\vendor\php\core\base\View.php | Строка: 38
=================
[2022-04-02 12:29:14] Текст ошибки: На найден вид C:\Open\OpenServer\domains\php.com/app/views/Currency/change.php | Файл: C:\Open\OpenServer\domains\php.com\vendor\php\core\base\View.php | Строка: 38
=================
[2022-04-02 12:29:48] Текст ошибки: На найден вид C:\Open\OpenServer\domains\php.com/app/views/Currency/change.php | Файл: C:\Open\OpenServer\domains\php.com\vendor\php\core\base\View.php | Строка: 38
=================
[2022-04-02 12:30:35] Текст ошибки: На найден вид C:\Open\OpenServer\domains\php.com/app/views/Currency/change.php | Файл: C:\Open\OpenServer\domains\php.com\vendor\php\core\base\View.php | Строка: 38
=================
[2022-04-02 12:30:36] Текст ошибки: На найден вид C:\Open\OpenServer\domains\php.com/app/views/Currency/change.php | Файл: C:\Open\OpenServer\domains\php.com\vendor\php\core\base\View.php | Строка: 38
=================
[2022-04-02 12:31:21] Текст ошибки: На найден вид C:\Open\OpenServer\domains\php.com/app/views/Currency/change.php | Файл: C:\Open\OpenServer\domains\php.com\vendor\php\core\base\View.php | Строка: 38
=================
[2022-04-02 12:31:45] Текст ошибки: На найден вид C:\Open\OpenServer\domains\php.com/app/views/Currency/change.php | Файл: C:\Open\OpenServer\domains\php.com\vendor\php\core\base\View.php | Строка: 38
=================
[2022-04-02 12:34:04] Текст ошибки: На найден вид C:\Open\OpenServer\domains\php.com/app/views/Currency/change.php | Файл: C:\Open\OpenServer\domains\php.com\vendor\php\core\base\View.php | Строка: 37
=================
[2022-04-02 12:34:05] Текст ошибки: На найден вид C:\Open\OpenServer\domains\php.com/app/views/Currency/change.php | Файл: C:\Open\OpenServer\domains\php.com\vendor\php\core\base\View.php | Строка: 37
=================
[2022-04-02 12:34:21] Текст ошибки: На найден вид C:\Open\OpenServer\domains\php.com/app/views/Currency/change.php | Файл: C:\Open\OpenServer\domains\php.com\vendor\php\core\base\View.php | Строка: 38
=================
[2022-04-02 12:35:46] Текст ошибки: На найден вид C:\Open\OpenServer\domains\php.com/app/views/Currency/change.php | Файл: C:\Open\OpenServer\domains\php.com\vendor\php\core\base\View.php | Строка: 38
=================
[2022-04-02 12:36:36] Текст ошибки: На найден вид C:\Open\OpenServer\domains\php.com/app/views/Currency/change.php | Файл: C:\Open\OpenServer\domains\php.com\vendor\php\core\base\View.php | Строка: 38
=================
[2022-04-02 12:36:46] Текст ошибки: На найден вид C:\Open\OpenServer\domains\php.com/app/views/Currency/change.php | Файл: C:\Open\OpenServer\domains\php.com\vendor\php\core\base\View.php | Строка: 38
=================
